# JRE version: OpenJDK Runtime Environment (11.0.11) (build 11.0.11+0-b60-7590822)
# Java VM: OpenJDK 64-Bit Server VM (11.0.11+0-b60-7590822, mixed mode, tiered, compressed oops, g1 gc, linux-amd64)
Heap:
 garbage-first heap   total 303104K, used 188068K [0x00000000a0000000, 0x0000000100000000)
  region size 1024K, 15 young (15360K), 9 survivors (9216K)
 Metaspace       used 96563K, capacity 101545K, committed 101584K, reserved 1136640K
  class space    used 12627K, capacity 14135K, committed 14156K, reserved 1048576K
GC Heap History (20 events):
Event: 69.345 GC heap before
{Heap before GC invocations=43 (full 0):
 garbage-first heap   total 229376K, used 170465K [0x00000000a0000000, 0x0000000100000000)
  region size 1024K, 24 young (24576K), 1 survivors (1024K)
 Metaspace       used 89820K, capacity 94242K, committed 94416K, reserved 1130496K
  class space    used 11762K, capacity 13079K, committed 13132K, reserved 1048576K
}
Event: 69.387 GC heap after
{Heap after GC invocations=44 (full 0):
 garbage-first heap   total 229376K, used 154448K [0x00000000a0000000, 0x0000000100000000)
  region size 1024K, 3 young (3072K), 3 survivors (3072K)
 Metaspace       used 89820K, capacity 94242K, committed 94416K, reserved 1130496K
  class space    used 11762K, capacity 13079K, committed 13132K, reserved 1048576K
}
Event: 69.892 GC heap before
{Heap before GC invocations=44 (full 0):
 garbage-first heap   total 229376K, used 176976K [0x00000000a0000000, 0x0000000100000000)
  region size 1024K, 25 young (25600K), 3 survivors (3072K)
 Metaspace       used 90257K, capacity 94805K, committed 95056K, reserved 1130496K
  class space    used 11821K, capacity 13135K, committed 13260K, reserved 1048576K
}
Event: 69.911 GC heap after
{Heap after GC invocations=45 (full 0):
 garbage-first heap   total 229376K, used 158016K [0x00000000a0000000, 0x0000000100000000)
  region size 1024K, 4 young (4096K), 4 survivors (4096K)
 Metaspace       used 90257K, capacity 94805K, committed 95056K, reserved 1130496K
  class space    used 11821K, capacity 13135K, committed 13260K, reserved 1048576K
}
Event: 70.716 GC heap before
{Heap before GC invocations=45 (full 0):
 garbage-first heap   total 229376K, used 178496K [0x00000000a0000000, 0x0000000100000000)
  region size 1024K, 25 young (25600K), 4 survivors (4096K)
 Metaspace       used 91400K, capacity 96120K, committed 96336K, reserved 1132544K
  class space    used 12023K, capacity 13397K, committed 13516K, reserved 1048576K
}
Event: 70.747 GC heap after
{Heap after GC invocations=46 (full 0):
 garbage-first heap   total 229376K, used 160758K [0x00000000a0000000, 0x0000000100000000)
  region size 1024K, 3 young (3072K), 3 survivors (3072K)
 Metaspace       used 91400K, capacity 96120K, committed 96336K, reserved 1132544K
  class space    used 12023K, capacity 13397K, committed 13516K, reserved 1048576K
}
Event: 71.841 GC heap before
{Heap before GC invocations=47 (full 0):
 garbage-first heap   total 229376K, used 183286K [0x00000000a0000000, 0x0000000100000000)
  region size 1024K, 25 young (25600K), 3 survivors (3072K)
 Metaspace       used 91868K, capacity 96609K, committed 96848K, reserved 1132544K
  class space    used 12116K, capacity 13476K, committed 13516K, reserved 1048576K
}
Event: 71.876 GC heap after
{Heap after GC invocations=48 (full 0):
 garbage-first heap   total 229376K, used 163042K [0x00000000a0000000, 0x0000000100000000)
  region size 1024K, 3 young (3072K), 3 survivors (3072K)
 Metaspace       used 91868K, capacity 96609K, committed 96848K, reserved 1132544K
  class space    used 12116K, capacity 13476K, committed 13516K, reserved 1048576K
}
Event: 72.497 GC heap before
{Heap before GC invocations=48 (full 0):
 garbage-first heap   total 229376K, used 184546K [0x00000000a0000000, 0x0000000100000000)
  region size 1024K, 25 young (25600K), 3 survivors (3072K)
 Metaspace       used 91958K, capacity 96735K, committed 96976K, reserved 1132544K
  class space    used 12131K, capacity 13517K, committed 13644K, reserved 1048576K
}
Event: 72.513 GC heap after
{Heap after GC invocations=49 (full 0):
 garbage-first heap   total 303104K, used 164943K [0x00000000a0000000, 0x0000000100000000)
  region size 1024K, 2 young (2048K), 2 survivors (2048K)
 Metaspace       used 91958K, capacity 96735K, committed 96976K, reserved 1132544K
  class space    used 12131K, capacity 13517K, committed 13644K, reserved 1048576K
}
Event: 159.138 GC heap before
{Heap before GC invocations=50 (full 0):
 garbage-first heap   total 303104K, used 181327K [0x00000000a0000000, 0x0000000100000000)
  region size 1024K, 20 young (20480K), 2 survivors (2048K)
 Metaspace       used 92755K, capacity 97526K, committed 97616K, reserved 1132544K
  class space    used 12286K, capacity 13697K, committed 13772K, reserved 1048576K
}
Event: 159.152 GC heap after
{Heap after GC invocations=51 (full 0):
 garbage-first heap   total 303104K, used 165248K [0x00000000a0000000, 0x0000000100000000)
  region size 1024K, 2 young (2048K), 2 survivors (2048K)
 Metaspace       used 92755K, capacity 97526K, committed 97616K, reserved 1132544K
  class space    used 12286K, capacity 13697K, committed 13772K, reserved 1048576K
}
Event: 164.161 GC heap before
{Heap before GC invocations=52 (full 0):
 garbage-first heap   total 303104K, used 219520K [0x00000000a0000000, 0x0000000100000000)
  region size 1024K, 54 young (55296K), 2 survivors (2048K)
 Metaspace       used 93804K, capacity 98630K, committed 98768K, reserved 1134592K
  class space    used 12403K, capacity 13843K, committed 13900K, reserved 1048576K
}
Event: 164.204 GC heap after
{Heap after GC invocations=53 (full 0):
 garbage-first heap   total 303104K, used 169140K [0x00000000a0000000, 0x0000000100000000)
  region size 1024K, 6 young (6144K), 6 survivors (6144K)
 Metaspace       used 93804K, capacity 98630K, committed 98768K, reserved 1134592K
  class space    used 12403K, capacity 13843K, committed 13900K, reserved 1048576K
}
Event: 172.076 GC heap before
{Heap before GC invocations=53 (full 0):
 garbage-first heap   total 303104K, used 223412K [0x00000000a0000000, 0x0000000100000000)
  region size 1024K, 60 young (61440K), 6 survivors (6144K)
 Metaspace       used 95640K, capacity 100556K, committed 100816K, reserved 1136640K
  class space    used 12560K, capacity 14048K, committed 14156K, reserved 1048576K
}
Event: 172.152 GC heap after
{Heap after GC invocations=54 (full 0):
 garbage-first heap   total 303104K, used 172972K [0x00000000a0000000, 0x0000000100000000)
  region size 1024K, 8 young (8192K), 8 survivors (8192K)
 Metaspace       used 95640K, capacity 100556K, committed 100816K, reserved 1136640K
  class space    used 12560K, capacity 14048K, committed 14156K, reserved 1048576K
}
Event: 176.236 GC heap before
{Heap before GC invocations=55 (full 0):
 garbage-first heap   total 303104K, used 229292K [0x00000000a0000000, 0x0000000100000000)
  region size 1024K, 64 young (65536K), 8 survivors (8192K)
 Metaspace       used 96024K, capacity 100984K, committed 101328K, reserved 1136640K
  class space    used 12578K, capacity 14073K, committed 14156K, reserved 1048576K
}
Event: 176.282 GC heap after
{Heap after GC invocations=56 (full 0):
 garbage-first heap   total 303104K, used 177501K [0x00000000a0000000, 0x0000000100000000)
  region size 1024K, 8 young (8192K), 8 survivors (8192K)
 Metaspace       used 96024K, capacity 100984K, committed 101328K, reserved 1136640K
  class space    used 12578K, capacity 14073K, committed 14156K, reserved 1048576K
}
Event: 179.101 GC heap before
{Heap before GC invocations=56 (full 0):
 garbage-first heap   total 303104K, used 234845K [0x00000000a0000000, 0x0000000100000000)
  region size 1024K, 65 young (66560K), 8 survivors (8192K)
 Metaspace       used 96524K, capacity 101528K, committed 101584K, reserved 1136640K
  class space    used 12626K, capacity 14133K, committed 14156K, reserved 1048576K
}
Event: 179.173 GC heap after
{Heap after GC invocations=57 (full 0):
 garbage-first heap   total 303104K, used 182948K [0x00000000a0000000, 0x0000000100000000)
  region size 1024K, 9 young (9216K), 9 survivors (9216K)
 Metaspace       used 96524K, capacity 101528K, committed 101584K, reserved 1136640K
  class space    used 12626K, capacity 14133K, committed 14156K, reserved 1048576K
}

